<?xml version="1.0" encoding="UTF-8"?>
<coverage generated="1763286690698" clover="3.2.0">
  <project timestamp="1763286690699" name="All files">
    <metrics statements="151" coveredstatements="30" conditionals="43" coveredconditionals="5" methods="41" coveredmethods="8" elements="235" coveredelements="43" complexity="0" loc="151" ncloc="151" packages="7" files="11" classes="11"/>
    <package name="src">
      <metrics statements="21" coveredstatements="7" conditionals="2" coveredconditionals="0" methods="2" coveredmethods="2"/>
      <file name="middleware.ts" path="/home/runner/work/headlesswp/headlesswp/src/middleware.ts">
        <metrics statements="21" coveredstatements="7" conditionals="2" coveredconditionals="0" methods="2" coveredmethods="2"/>
        <line num="1" count="1" type="stmt"/>
        <line num="3" count="22" type="stmt"/>
        <line num="4" count="22" type="stmt"/>
        <line num="8" count="22" type="stmt"/>
        <line num="11" count="0" type="stmt"/>
        <line num="14" count="0" type="stmt"/>
        <line num="33" count="0" type="stmt"/>
        <line num="36" count="0" type="stmt"/>
        <line num="37" count="0" type="stmt"/>
        <line num="38" count="0" type="stmt"/>
        <line num="39" count="0" type="stmt"/>
        <line num="40" count="0" type="stmt"/>
        <line num="41" count="0" type="stmt"/>
        <line num="52" count="0" type="stmt"/>
        <line num="57" count="22" type="stmt"/>
        <line num="58" count="22" type="stmt"/>
        <line num="61" count="0" type="stmt"/>
        <line num="62" count="0" type="stmt"/>
        <line num="63" count="0" type="stmt"/>
        <line num="65" count="0" type="stmt"/>
        <line num="68" count="1" type="stmt"/>
      </file>
    </package>
    <package name="src.app">
      <metrics statements="24" coveredstatements="0" conditionals="2" coveredconditionals="0" methods="7" coveredmethods="0"/>
      <file name="layout.tsx" path="/home/runner/work/headlesswp/headlesswp/src/app/layout.tsx">
        <metrics statements="6" coveredstatements="0" conditionals="0" coveredconditionals="0" methods="1" coveredmethods="0"/>
        <line num="1" count="0" type="stmt"/>
        <line num="3" count="0" type="stmt"/>
        <line num="4" count="0" type="stmt"/>
        <line num="6" count="0" type="stmt"/>
        <line num="8" count="0" type="stmt"/>
        <line num="30" count="0" type="stmt"/>
      </file>
      <file name="page.tsx" path="/home/runner/work/headlesswp/headlesswp/src/app/page.tsx">
        <metrics statements="18" coveredstatements="0" conditionals="2" coveredconditionals="0" methods="6" coveredmethods="0"/>
        <line num="1" count="0" type="stmt"/>
        <line num="3" count="0" type="stmt"/>
        <line num="4" count="0" type="stmt"/>
        <line num="5" count="0" type="stmt"/>
        <line num="8" count="0" type="stmt"/>
        <line num="27" count="0" type="stmt"/>
        <line num="28" count="0" type="stmt"/>
        <line num="30" count="0" type="stmt"/>
        <line num="32" count="0" type="stmt"/>
        <line num="41" count="0" type="stmt"/>
        <line num="44" count="0" type="stmt"/>
        <line num="46" count="0" type="stmt"/>
        <line num="48" count="0" type="stmt"/>
        <line num="56" count="0" type="stmt"/>
        <line num="57" count="0" type="stmt"/>
        <line num="58" count="0" type="stmt"/>
        <line num="84" count="0" type="stmt"/>
        <line num="122" count="0" type="stmt"/>
      </file>
    </package>
    <package name="src.app.api.csp-report">
      <metrics statements="9" coveredstatements="0" conditionals="2" coveredconditionals="0" methods="1" coveredmethods="0"/>
      <file name="route.ts" path="/home/runner/work/headlesswp/headlesswp/src/app/api/csp-report/route.ts">
        <metrics statements="9" coveredstatements="0" conditionals="2" coveredconditionals="0" methods="1" coveredmethods="0"/>
        <line num="1" count="0" type="stmt"/>
        <line num="3" count="0" type="stmt"/>
        <line num="4" count="0" type="stmt"/>
        <line num="5" count="0" type="stmt"/>
        <line num="8" count="0" type="stmt"/>
        <line num="15" count="0" type="cond" truecount="0" falsecount="2"/>
        <line num="20" count="0" type="stmt"/>
        <line num="22" count="0" type="stmt"/>
        <line num="23" count="0" type="stmt"/>
      </file>
    </package>
    <package name="src.app.berita">
      <metrics statements="11" coveredstatements="0" conditionals="1" coveredconditionals="0" methods="3" coveredmethods="0"/>
      <file name="page.tsx" path="/home/runner/work/headlesswp/headlesswp/src/app/berita/page.tsx">
        <metrics statements="11" coveredstatements="0" conditionals="1" coveredconditionals="0" methods="3" coveredmethods="0"/>
        <line num="1" count="0" type="stmt"/>
        <line num="3" count="0" type="stmt"/>
        <line num="4" count="0" type="stmt"/>
        <line num="5" count="0" type="stmt"/>
        <line num="8" count="0" type="stmt"/>
        <line num="9" count="0" type="stmt"/>
        <line num="11" count="0" type="stmt"/>
        <line num="12" count="0" type="stmt"/>
        <line num="16" count="0" type="stmt"/>
        <line num="17" count="0" type="stmt"/>
        <line num="46" count="0" type="stmt"/>
      </file>
    </package>
    <package name="src.app.berita.[slug]">
      <metrics statements="19" coveredstatements="0" conditionals="11" coveredconditionals="0" methods="4" coveredmethods="0"/>
      <file name="page.tsx" path="/home/runner/work/headlesswp/headlesswp/src/app/berita/[slug]/page.tsx">
        <metrics statements="19" coveredstatements="0" conditionals="11" coveredconditionals="0" methods="4" coveredmethods="0"/>
        <line num="1" count="0" type="stmt"/>
        <line num="3" count="0" type="stmt"/>
        <line num="4" count="0" type="stmt"/>
        <line num="5" count="0" type="stmt"/>
        <line num="6" count="0" type="stmt"/>
        <line num="9" count="0" type="stmt"/>
        <line num="10" count="0" type="stmt"/>
        <line num="11" count="0" type="cond" truecount="0" falsecount="2"/>
        <line num="13" count="0" type="stmt"/>
        <line num="14" count="0" type="stmt"/>
        <line num="18" count="0" type="stmt"/>
        <line num="19" count="0" type="stmt"/>
        <line num="21" count="0" type="cond" truecount="0" falsecount="2"/>
        <line num="22" count="0" type="stmt"/>
        <line num="26" count="0" type="cond" truecount="0" falsecount="4"/>
        <line num="27" count="0" type="stmt"/>
        <line num="28" count="0" type="stmt"/>
        <line num="80" count="0" type="stmt"/>
        <line num="105" count="0" type="stmt"/>
      </file>
    </package>
    <package name="src.components">
      <metrics statements="17" coveredstatements="16" conditionals="4" coveredconditionals="4" methods="7" coveredmethods="6"/>
      <file name="ClientLayout.tsx" path="/home/runner/work/headlesswp/headlesswp/src/components/ClientLayout.tsx">
        <metrics statements="3" coveredstatements="3" conditionals="0" coveredconditionals="0" methods="1" coveredmethods="1"/>
        <line num="3" count="1" type="stmt"/>
        <line num="4" count="1" type="stmt"/>
        <line num="10" count="10" type="stmt"/>
      </file>
      <file name="ErrorBoundary.tsx" path="/home/runner/work/headlesswp/headlesswp/src/components/ErrorBoundary.tsx">
        <metrics statements="11" coveredstatements="10" conditionals="4" coveredconditionals="4" methods="5" coveredmethods="4"/>
        <line num="1" count="2" type="stmt"/>
        <line num="15" count="20" type="stmt"/>
        <line num="16" count="19" type="stmt"/>
        <line num="20" count="10" type="stmt"/>
        <line num="24" count="5" type="stmt"/>
        <line num="28" count="30" type="cond" truecount="2" falsecount="0"/>
        <line num="30" count="11" type="cond" truecount="2" falsecount="0"/>
        <line num="31" count="2" type="stmt"/>
        <line num="43" count="0" type="stmt"/>
        <line num="52" count="19" type="stmt"/>
        <line num="56" count="15" type="stmt"/>
      </file>
      <file name="PostLoading.tsx" path="/home/runner/work/headlesswp/headlesswp/src/components/PostLoading.tsx">
        <metrics statements="3" coveredstatements="3" conditionals="0" coveredconditionals="0" methods="1" coveredmethods="1"/>
        <line num="1" count="1" type="stmt"/>
        <line num="3" count="1" type="stmt"/>
        <line num="76" count="10" type="stmt"/>
      </file>
    </package>
    <package name="src.lib">
      <metrics statements="50" coveredstatements="7" conditionals="21" coveredconditionals="1" methods="17" coveredmethods="0"/>
      <file name="csp-utils.ts" path="/home/runner/work/headlesswp/headlesswp/src/lib/csp-utils.ts">
        <metrics statements="11" coveredstatements="0" conditionals="8" coveredconditionals="0" methods="3" coveredmethods="0"/>
        <line num="8" count="0" type="stmt"/>
        <line num="11" count="0" type="cond" truecount="0" falsecount="2"/>
        <line num="13" count="0" type="stmt"/>
        <line num="14" count="0" type="cond" truecount="0" falsecount="2"/>
        <line num="18" count="0" type="stmt"/>
        <line num="25" count="0" type="stmt"/>
        <line num="26" count="0" type="cond" truecount="0" falsecount="2"/>
        <line num="27" count="0" type="stmt"/>
        <line num="34" count="0" type="stmt"/>
        <line num="35" count="0" type="cond" truecount="0" falsecount="2"/>
        <line num="36" count="0" type="stmt"/>
      </file>
      <file name="wordpress.ts" path="/home/runner/work/headlesswp/headlesswp/src/lib/wordpress.ts">
        <metrics statements="39" coveredstatements="7" conditionals="13" coveredconditionals="1" methods="14" coveredmethods="0"/>
        <line num="1" count="1" type="stmt"/>
        <line num="4" count="1" type="cond" truecount="1" falsecount="1"/>
        <line num="6" count="1" type="stmt"/>
        <line num="15" count="1" type="stmt"/>
        <line num="16" count="0" type="stmt"/>
        <line num="18" count="0" type="stmt"/>
        <line num="21" count="0" type="cond" truecount="0" falsecount="5"/>
        <line num="22" count="0" type="stmt"/>
        <line num="23" count="0" type="cond" truecount="0" falsecount="2"/>
        <line num="25" count="0" type="cond" truecount="0" falsecount="2"/>
        <line num="27" count="0" type="stmt"/>
        <line num="28" count="0" type="stmt"/>
        <line num="29" count="0" type="stmt"/>
        <line num="33" count="0" type="stmt"/>
        <line num="38" count="1" type="stmt"/>
        <line num="39" count="0" type="cond" truecount="0" falsecount="2"/>
        <line num="40" count="0" type="stmt"/>
        <line num="43" count="9" type="stmt"/>
        <line num="52" count="0" type="stmt"/>
        <line num="53" count="0" type="stmt"/>
        <line num="57" count="0" type="stmt"/>
        <line num="58" count="0" type="stmt"/>
        <line num="62" count="0" type="stmt"/>
        <line num="63" count="0" type="stmt"/>
        <line num="68" count="0" type="stmt"/>
        <line num="69" count="0" type="stmt"/>
        <line num="73" count="0" type="stmt"/>
        <line num="74" count="0" type="stmt"/>
        <line num="79" count="0" type="stmt"/>
        <line num="80" count="0" type="stmt"/>
        <line num="84" count="0" type="stmt"/>
        <line num="85" count="0" type="stmt"/>
        <line num="90" count="0" type="stmt"/>
        <line num="91" count="0" type="stmt"/>
        <line num="96" count="0" type="stmt"/>
        <line num="97" count="0" type="stmt"/>
        <line num="102" count="0" type="stmt"/>
        <line num="103" count="0" type="stmt"/>
        <line num="107" count="1" type="stmt"/>
      </file>
    </package>
  </project>
</coverage>
