{"/home/runner/work/headlesswp/headlesswp/src/middleware.ts": {"path":"/home/runner/work/headlesswp/headlesswp/src/middleware.ts","statementMap":{"0":{"start":{"line":68,"column":13},"end":{"line":68,"column":19}},"1":{"start":{"line":3,"column":16},"end":{"line":3,"column":26}},"2":{"start":{"line":1,"column":42},"end":{"line":1,"column":null}},"3":{"start":{"line":4,"column":19},"end":{"line":4,"column":null}},"4":{"start":{"line":8,"column":16},"end":{"line":8,"column":null}},"5":{"start":{"line":11,"column":2},"end":{"line":11,"column":null}},"6":{"start":{"line":14,"column":14},"end":{"line":31,"column":null}},"7":{"start":{"line":33,"column":2},"end":{"line":33,"column":null}},"8":{"start":{"line":36,"column":2},"end":{"line":36,"column":null}},"9":{"start":{"line":37,"column":2},"end":{"line":37,"column":null}},"10":{"start":{"line":38,"column":2},"end":{"line":38,"column":null}},"11":{"start":{"line":39,"column":2},"end":{"line":39,"column":null}},"12":{"start":{"line":40,"column":2},"end":{"line":40,"column":null}},"13":{"start":{"line":41,"column":2},"end":{"line":50,"column":null}},"14":{"start":{"line":52,"column":2},"end":{"line":52,"column":null}},"15":{"start":{"line":57,"column":16},"end":{"line":57,"column":null}},"16":{"start":{"line":58,"column":2},"end":{"line":58,"column":null}},"17":{"start":{"line":61,"column":15},"end":{"line":61,"column":null}},"18":{"start":{"line":62,"column":2},"end":{"line":64,"column":null}},"19":{"start":{"line":62,"column":15},"end":{"line":62,"column":18}},"20":{"start":{"line":63,"column":4},"end":{"line":63,"column":null}},"21":{"start":{"line":65,"column":2},"end":{"line":65,"column":null}},"22":{"start":{"line":68,"column":22},"end":{"line":79,"column":null}}},"fnMap":{"0":{"name":"middleware","decl":{"start":{"line":3,"column":16},"end":{"line":3,"column":26}},"loc":{"start":{"line":3,"column":47},"end":{"line":53,"column":null}}},"1":{"name":"generateNonce","decl":{"start":{"line":56,"column":9},"end":{"line":56,"column":null}},"loc":{"start":{"line":56,"column":9},"end":{"line":66,"column":null}}}},"branchMap":{"0":{"loc":{"start":{"line":28,"column":8},"end":{"line":30,"column":10}},"type":"cond-expr","locations":[{"start":{"line":28,"column":49},"end":{"line":30,"column":8}},{"start":{"line":30,"column":8},"end":{"line":30,"column":10}}]}},"s":{"0":0,"1":22,"2":1,"3":22,"4":22,"5":0,"6":0,"7":0,"8":0,"9":0,"10":0,"11":0,"12":0,"13":0,"14":0,"15":22,"16":22,"17":0,"18":0,"19":0,"20":0,"21":0,"22":1},"f":{"0":22,"1":22},"b":{"0":[0,0]}}
,"/home/runner/work/headlesswp/headlesswp/src/app/layout.tsx": {"path":"/home/runner/work/headlesswp/headlesswp/src/app/layout.tsx","statementMap":{"0":{"start":{"line":30,"column":24},"end":{"line":30,"column":35}},"1":{"start":{"line":8,"column":13},"end":{"line":8,"column":21}},"2":{"start":{"line":1,"column":7},"end":{"line":1,"column":null}},"3":{"start":{"line":3,"column":22},"end":{"line":3,"column":null}},"4":{"start":{"line":4,"column":25},"end":{"line":4,"column":null}},"5":{"start":{"line":6,"column":14},"end":{"line":6,"column":null}},"6":{"start":{"line":8,"column":34},"end":{"line":28,"column":null}}},"fnMap":{"0":{"name":"RootLayout","decl":{"start":{"line":30,"column":24},"end":{"line":30,"column":35}},"loc":{"start":{"line":34,"column":1},"end":{"line":47,"column":1}}}},"branchMap":{},"s":{"0":0,"1":0,"2":0,"3":0,"4":0,"5":0,"6":0},"f":{"0":0},"b":{}}
,"/home/runner/work/headlesswp/headlesswp/src/app/page.tsx": {"path":"/home/runner/work/headlesswp/headlesswp/src/app/page.tsx","statementMap":{"0":{"start":{"line":56,"column":30},"end":{"line":56,"column":null}},"1":{"start":{"line":1,"column":29},"end":{"line":1,"column":null}},"2":{"start":{"line":3,"column":17},"end":{"line":3,"column":null}},"3":{"start":{"line":4,"column":18},"end":{"line":4,"column":null}},"4":{"start":{"line":5,"column":18},"end":{"line":5,"column":null}},"5":{"start":{"line":8,"column":2},"end":{"line":23,"column":null}},"6":{"start":{"line":27,"column":2},"end":{"line":37,"column":null}},"7":{"start":{"line":28,"column":4},"end":{"line":28,"column":null}},"8":{"start":{"line":30,"column":4},"end":{"line":30,"column":null}},"9":{"start":{"line":32,"column":4},"end":{"line":36,"column":null}},"10":{"start":{"line":41,"column":2},"end":{"line":53,"column":null}},"11":{"start":{"line":44,"column":4},"end":{"line":44,"column":null}},"12":{"start":{"line":46,"column":4},"end":{"line":46,"column":null}},"13":{"start":{"line":48,"column":4},"end":{"line":52,"column":null}},"14":{"start":{"line":57,"column":22},"end":{"line":57,"column":null}},"15":{"start":{"line":58,"column":24},"end":{"line":58,"column":null}},"16":{"start":{"line":84,"column":14},"end":{"line":84,"column":37}},"17":{"start":{"line":122,"column":14},"end":{"line":122,"column":37}}},"fnMap":{"0":{"name":"createFallbackPost","decl":{"start":{"line":7,"column":9},"end":{"line":7,"column":28}},"loc":{"start":{"line":7,"column":53},"end":{"line":24,"column":null}}},"1":{"name":"getLatestPosts","decl":{"start":{"line":26,"column":15},"end":{"line":26,"column":null}},"loc":{"start":{"line":26,"column":15},"end":{"line":38,"column":null}}},"2":{"name":"getCategoryPosts","decl":{"start":{"line":40,"column":15},"end":{"line":40,"column":null}},"loc":{"start":{"line":40,"column":15},"end":{"line":54,"column":null}}},"3":{"name":"HomePage","decl":{"start":{"line":56,"column":30},"end":{"line":56,"column":null}},"loc":{"start":{"line":56,"column":30},"end":{"line":166,"column":null}}},"4":{"name":"(anonymous_6)","decl":{"start":{"line":83,"column":31},"end":{"line":83,"column":32}},"loc":{"start":{"line":84,"column":14},"end":{"line":84,"column":37}}},"5":{"name":"(anonymous_7)","decl":{"start":{"line":121,"column":29},"end":{"line":121,"column":30}},"loc":{"start":{"line":122,"column":14},"end":{"line":122,"column":37}}}},"branchMap":{"0":{"loc":{"start":{"line":85,"column":17},"end":{"line":85,"column":null}},"type":"binary-expr","locations":[{"start":{"line":85,"column":17},"end":{"line":85,"column":null}}]},"1":{"loc":{"start":{"line":123,"column":17},"end":{"line":123,"column":null}},"type":"binary-expr","locations":[{"start":{"line":123,"column":17},"end":{"line":123,"column":null}}]}},"s":{"0":0,"1":0,"2":0,"3":0,"4":0,"5":0,"6":0,"7":0,"8":0,"9":0,"10":0,"11":0,"12":0,"13":0,"14":0,"15":0,"16":0,"17":0},"f":{"0":0,"1":0,"2":0,"3":0,"4":0,"5":0},"b":{"0":[0],"1":[0]}}
,"/home/runner/work/headlesswp/headlesswp/src/app/api/csp-report/route.ts": {"path":"/home/runner/work/headlesswp/headlesswp/src/app/api/csp-report/route.ts","statementMap":{"0":{"start":{"line":3,"column":22},"end":{"line":3,"column":27}},"1":{"start":{"line":1,"column":42},"end":{"line":1,"column":null}},"2":{"start":{"line":4,"column":2},"end":{"line":24,"column":null}},"3":{"start":{"line":5,"column":19},"end":{"line":5,"column":null}},"4":{"start":{"line":8,"column":4},"end":{"line":8,"column":null}},"5":{"start":{"line":15,"column":4},"end":{"line":18,"column":null}},"6":{"start":{"line":20,"column":4},"end":{"line":20,"column":null}},"7":{"start":{"line":22,"column":4},"end":{"line":22,"column":null}},"8":{"start":{"line":23,"column":4},"end":{"line":23,"column":null}}},"fnMap":{"0":{"name":"POST","decl":{"start":{"line":3,"column":22},"end":{"line":3,"column":27}},"loc":{"start":{"line":3,"column":47},"end":{"line":25,"column":null}}}},"branchMap":{"0":{"loc":{"start":{"line":15,"column":4},"end":{"line":18,"column":null}},"type":"if","locations":[{"start":{"line":15,"column":4},"end":{"line":18,"column":null}},{"start":{},"end":{}}]}},"s":{"0":0,"1":0,"2":0,"3":0,"4":0,"5":0,"6":0,"7":0,"8":0},"f":{"0":0},"b":{"0":[0,0]}}
,"/home/runner/work/headlesswp/headlesswp/src/app/berita/page.tsx": {"path":"/home/runner/work/headlesswp/headlesswp/src/app/berita/page.tsx","statementMap":{"0":{"start":{"line":16,"column":30},"end":{"line":16,"column":null}},"1":{"start":{"line":1,"column":29},"end":{"line":1,"column":null}},"2":{"start":{"line":3,"column":17},"end":{"line":3,"column":null}},"3":{"start":{"line":4,"column":18},"end":{"line":4,"column":null}},"4":{"start":{"line":5,"column":18},"end":{"line":5,"column":null}},"5":{"start":{"line":8,"column":2},"end":{"line":13,"column":null}},"6":{"start":{"line":9,"column":4},"end":{"line":9,"column":null}},"7":{"start":{"line":11,"column":4},"end":{"line":11,"column":null}},"8":{"start":{"line":12,"column":4},"end":{"line":12,"column":null}},"9":{"start":{"line":17,"column":16},"end":{"line":17,"column":null}},"10":{"start":{"line":46,"column":12},"end":{"line":46,"column":35}}},"fnMap":{"0":{"name":"getAllPosts","decl":{"start":{"line":7,"column":15},"end":{"line":7,"column":null}},"loc":{"start":{"line":7,"column":15},"end":{"line":14,"column":null}}},"1":{"name":"BeritaPage","decl":{"start":{"line":16,"column":30},"end":{"line":16,"column":null}},"loc":{"start":{"line":16,"column":30},"end":{"line":89,"column":null}}},"2":{"name":"(anonymous_4)","decl":{"start":{"line":45,"column":21},"end":{"line":45,"column":22}},"loc":{"start":{"line":46,"column":12},"end":{"line":46,"column":35}}}},"branchMap":{"0":{"loc":{"start":{"line":47,"column":15},"end":{"line":47,"column":null}},"type":"binary-expr","locations":[{"start":{"line":47,"column":15},"end":{"line":47,"column":null}}]}},"s":{"0":0,"1":0,"2":0,"3":0,"4":0,"5":0,"6":0,"7":0,"8":0,"9":0,"10":0},"f":{"0":0,"1":0,"2":0},"b":{"0":[0]}}
,"/home/runner/work/headlesswp/headlesswp/src/app/berita/[slug]/page.tsx": {"path":"/home/runner/work/headlesswp/headlesswp/src/app/berita/[slug]/page.tsx","statementMap":{"0":{"start":{"line":18,"column":30},"end":{"line":18,"column":39}},"1":{"start":{"line":1,"column":29},"end":{"line":1,"column":null}},"2":{"start":{"line":3,"column":25},"end":{"line":3,"column":null}},"3":{"start":{"line":4,"column":18},"end":{"line":4,"column":null}},"4":{"start":{"line":5,"column":17},"end":{"line":5,"column":null}},"5":{"start":{"line":6,"column":18},"end":{"line":6,"column":null}},"6":{"start":{"line":9,"column":2},"end":{"line":15,"column":null}},"7":{"start":{"line":10,"column":17},"end":{"line":10,"column":null}},"8":{"start":{"line":11,"column":4},"end":{"line":11,"column":null}},"9":{"start":{"line":13,"column":4},"end":{"line":13,"column":null}},"10":{"start":{"line":14,"column":4},"end":{"line":14,"column":null}},"11":{"start":{"line":19,"column":15},"end":{"line":19,"column":null}},"12":{"start":{"line":21,"column":2},"end":{"line":23,"column":null}},"13":{"start":{"line":22,"column":4},"end":{"line":22,"column":null}},"14":{"start":{"line":26,"column":2},"end":{"line":29,"column":null}},"15":{"start":{"line":27,"column":4},"end":{"line":27,"column":null}},"16":{"start":{"line":28,"column":4},"end":{"line":28,"column":null}},"17":{"start":{"line":80,"column":20},"end":{"line":81,"column":null}},"18":{"start":{"line":105,"column":20},"end":{"line":106,"column":null}}},"fnMap":{"0":{"name":"getPost","decl":{"start":{"line":8,"column":15},"end":{"line":8,"column":23}},"loc":{"start":{"line":8,"column":35},"end":{"line":16,"column":null}}},"1":{"name":"PostPage","decl":{"start":{"line":18,"column":30},"end":{"line":18,"column":39}},"loc":{"start":{"line":18,"column":79},"end":{"line":137,"column":null}}},"2":{"name":"(anonymous_4)","decl":{"start":{"line":79,"column":39},"end":{"line":79,"column":40}},"loc":{"start":{"line":80,"column":20},"end":{"line":81,"column":null}}},"3":{"name":"(anonymous_5)","decl":{"start":{"line":104,"column":33},"end":{"line":104,"column":34}},"loc":{"start":{"line":105,"column":20},"end":{"line":106,"column":null}}}},"branchMap":{"0":{"loc":{"start":{"line":11,"column":11},"end":{"line":11,"column":null}},"type":"binary-expr","locations":[{"start":{"line":11,"column":11},"end":{"line":11,"column":19}},{"start":{"line":11,"column":19},"end":{"line":11,"column":null}}]},"1":{"loc":{"start":{"line":21,"column":2},"end":{"line":23,"column":null}},"type":"if","locations":[{"start":{"line":21,"column":2},"end":{"line":23,"column":null}},{"start":{},"end":{}}]},"2":{"loc":{"start":{"line":26,"column":2},"end":{"line":29,"column":null}},"type":"if","locations":[{"start":{"line":26,"column":2},"end":{"line":29,"column":null}},{"start":{},"end":{}}]},"3":{"loc":{"start":{"line":26,"column":6},"end":{"line":26,"column":52}},"type":"binary-expr","locations":[{"start":{"line":26,"column":6},"end":{"line":26,"column":26}},{"start":{"line":26,"column":30},"end":{"line":26,"column":52}}]},"4":{"loc":{"start":{"line":52,"column":11},"end":{"line":52,"column":null}},"type":"binary-expr","locations":[{"start":{"line":52,"column":11},"end":{"line":52,"column":null}}]},"5":{"loc":{"start":{"line":77,"column":15},"end":{"line":77,"column":null}},"type":"binary-expr","locations":[{"start":{"line":77,"column":15},"end":{"line":77,"column":null}}]},"6":{"loc":{"start":{"line":100,"column":13},"end":{"line":100,"column":null}},"type":"binary-expr","locations":[{"start":{"line":100,"column":13},"end":{"line":100,"column":null}}]}},"s":{"0":0,"1":0,"2":0,"3":0,"4":0,"5":0,"6":0,"7":0,"8":0,"9":0,"10":0,"11":0,"12":0,"13":0,"14":0,"15":0,"16":0,"17":0,"18":0},"f":{"0":0,"1":0,"2":0,"3":0},"b":{"0":[0,0],"1":[0,0],"2":[0,0],"3":[0,0],"4":[0],"5":[0],"6":[0]}}
,"/home/runner/work/headlesswp/headlesswp/src/components/ClientLayout.tsx": {"path":"/home/runner/work/headlesswp/headlesswp/src/components/ClientLayout.tsx","statementMap":{"0":{"start":{"line":10,"column":24},"end":{"line":10,"column":37}},"1":{"start":{"line":3,"column":18},"end":{"line":3,"column":null}},"2":{"start":{"line":4,"column":26},"end":{"line":4,"column":null}}},"fnMap":{"0":{"name":"ClientLayout","decl":{"start":{"line":10,"column":24},"end":{"line":10,"column":37}},"loc":{"start":{"line":10,"column":68},"end":{"line":16,"column":null}}}},"branchMap":{},"s":{"0":10,"1":1,"2":1},"f":{"0":8},"b":{}}
,"/home/runner/work/headlesswp/headlesswp/src/components/ErrorBoundary.tsx": {"path":"/home/runner/work/headlesswp/headlesswp/src/components/ErrorBoundary.tsx","statementMap":{"0":{"start":{"line":56,"column":0},"end":{"line":56,"column":15}},"1":{"start":{"line":1,"column":18},"end":{"line":1,"column":null}},"2":{"start":{"line":15,"column":4},"end":{"line":15,"column":null}},"3":{"start":{"line":16,"column":4},"end":{"line":16,"column":null}},"4":{"start":{"line":20,"column":4},"end":{"line":20,"column":null}},"5":{"start":{"line":24,"column":4},"end":{"line":24,"column":null}},"6":{"start":{"line":28,"column":4},"end":{"line":50,"column":null}},"7":{"start":{"line":30,"column":6},"end":{"line":32,"column":null}},"8":{"start":{"line":31,"column":8},"end":{"line":31,"column":null}},"9":{"start":{"line":43,"column":29},"end":{"line":43,"column":null}},"10":{"start":{"line":52,"column":4},"end":{"line":52,"column":null}},"11":{"start":{"line":56,"column":15},"end":{"line":56,"column":null}}},"fnMap":{"0":{"name":"(anonymous_2)","decl":{"start":{"line":14,"column":2},"end":{"line":14,"column":14}},"loc":{"start":{"line":14,"column":41},"end":{"line":17,"column":null}}},"1":{"name":"(anonymous_3)","decl":{"start":{"line":19,"column":2},"end":{"line":19,"column":9}},"loc":{"start":{"line":19,"column":68},"end":{"line":21,"column":null}}},"2":{"name":"(anonymous_4)","decl":{"start":{"line":23,"column":2},"end":{"line":23,"column":20}},"loc":{"start":{"line":23,"column":62},"end":{"line":25,"column":null}}},"3":{"name":"(anonymous_5)","decl":{"start":{"line":27,"column":2},"end":{"line":27,"column":11}},"loc":{"start":{"line":27,"column":11},"end":{"line":53,"column":null}}},"4":{"name":"(anonymous_6)","decl":{"start":{"line":43,"column":23},"end":{"line":43,"column":29}},"loc":{"start":{"line":43,"column":29},"end":{"line":43,"column":null}}}},"branchMap":{"0":{"loc":{"start":{"line":28,"column":4},"end":{"line":50,"column":null}},"type":"if","locations":[{"start":{"line":28,"column":4},"end":{"line":50,"column":null}},{"start":{},"end":{}}]},"1":{"loc":{"start":{"line":30,"column":6},"end":{"line":32,"column":null}},"type":"if","locations":[{"start":{"line":30,"column":6},"end":{"line":32,"column":null}},{"start":{},"end":{}}]}},"s":{"0":15,"1":2,"2":20,"3":19,"4":10,"5":5,"6":30,"7":11,"8":2,"9":0,"10":19,"11":2},"f":{"0":20,"1":10,"2":5,"3":30,"4":0},"b":{"0":[11,19],"1":[2,9]}}
,"/home/runner/work/headlesswp/headlesswp/src/components/PostLoading.tsx": {"path":"/home/runner/work/headlesswp/headlesswp/src/components/PostLoading.tsx","statementMap":{"0":{"start":{"line":76,"column":0},"end":{"line":76,"column":15}},"1":{"start":{"line":1,"column":18},"end":{"line":1,"column":null}},"2":{"start":{"line":3,"column":20},"end":{"line":74,"column":null}},"3":{"start":{"line":76,"column":15},"end":{"line":76,"column":null}}},"fnMap":{"0":{"name":"(anonymous_2)","decl":{"start":{"line":3,"column":20},"end":{"line":3,"column":null}},"loc":{"start":{"line":3,"column":20},"end":{"line":74,"column":null}}}},"branchMap":{},"s":{"0":10,"1":1,"2":1,"3":1},"f":{"0":10},"b":{}}
,"/home/runner/work/headlesswp/headlesswp/src/lib/csp-utils.ts": {"path":"/home/runner/work/headlesswp/headlesswp/src/lib/csp-utils.ts","statementMap":{"0":{"start":{"line":25,"column":16},"end":{"line":25,"column":32}},"1":{"start":{"line":34,"column":16},"end":{"line":34,"column":31}},"2":{"start":{"line":8,"column":16},"end":{"line":8,"column":27}},"3":{"start":{"line":11,"column":2},"end":{"line":15,"column":null}},"4":{"start":{"line":13,"column":22},"end":{"line":13,"column":null}},"5":{"start":{"line":14,"column":4},"end":{"line":14,"column":null}},"6":{"start":{"line":18,"column":2},"end":{"line":18,"column":null}},"7":{"start":{"line":26,"column":2},"end":{"line":26,"column":null}},"8":{"start":{"line":26,"column":14},"end":{"line":26,"column":null}},"9":{"start":{"line":27,"column":2},"end":{"line":27,"column":null}},"10":{"start":{"line":35,"column":2},"end":{"line":35,"column":null}},"11":{"start":{"line":35,"column":14},"end":{"line":35,"column":null}},"12":{"start":{"line":36,"column":2},"end":{"line":36,"column":null}}},"fnMap":{"0":{"name":"useCspNonce","decl":{"start":{"line":8,"column":16},"end":{"line":8,"column":27}},"loc":{"start":{"line":8,"column":16},"end":{"line":19,"column":null}}},"1":{"name":"addNonceToScript","decl":{"start":{"line":25,"column":16},"end":{"line":25,"column":32}},"loc":{"start":{"line":25,"column":69},"end":{"line":28,"column":null}}},"2":{"name":"addNonceToStyle","decl":{"start":{"line":34,"column":16},"end":{"line":34,"column":31}},"loc":{"start":{"line":34,"column":67},"end":{"line":37,"column":null}}}},"branchMap":{"0":{"loc":{"start":{"line":11,"column":2},"end":{"line":15,"column":null}},"type":"if","locations":[{"start":{"line":11,"column":2},"end":{"line":15,"column":null}},{"start":{},"end":{}}]},"1":{"loc":{"start":{"line":14,"column":11},"end":{"line":14,"column":null}},"type":"binary-expr","locations":[{"start":{"line":14,"column":11},"end":{"line":14,"column":24}},{"start":{"line":14,"column":24},"end":{"line":14,"column":null}}]},"2":{"loc":{"start":{"line":26,"column":2},"end":{"line":26,"column":null}},"type":"if","locations":[{"start":{"line":26,"column":2},"end":{"line":26,"column":null}},{"start":{},"end":{}}]},"3":{"loc":{"start":{"line":35,"column":2},"end":{"line":35,"column":null}},"type":"if","locations":[{"start":{"line":35,"column":2},"end":{"line":35,"column":null}},{"start":{},"end":{}}]}},"s":{"0":0,"1":0,"2":0,"3":0,"4":0,"5":0,"6":0,"7":0,"8":0,"9":0,"10":0,"11":0,"12":0},"f":{"0":0,"1":0,"2":0},"b":{"0":[0,0],"1":[0,0],"2":[0,0],"3":[0,0]}}
,"/home/runner/work/headlesswp/headlesswp/src/lib/wordpress.ts": {"path":"/home/runner/work/headlesswp/headlesswp/src/lib/wordpress.ts","statementMap":{"0":{"start":{"line":107,"column":0},"end":{"line":107,"column":15}},"1":{"start":{"line":43,"column":13},"end":{"line":43,"column":25}},"2":{"start":{"line":1,"column":18},"end":{"line":1,"column":null}},"3":{"start":{"line":4,"column":26},"end":{"line":4,"column":null}},"4":{"start":{"line":6,"column":12},"end":{"line":12,"column":null}},"5":{"start":{"line":15,"column":0},"end":{"line":34,"column":null}},"6":{"start":{"line":16,"column":16},"end":{"line":16,"column":null}},"7":{"start":{"line":18,"column":19},"end":{"line":18,"column":31}},"8":{"start":{"line":21,"column":4},"end":{"line":31,"column":null}},"9":{"start":{"line":22,"column":6},"end":{"line":22,"column":null}},"10":{"start":{"line":23,"column":6},"end":{"line":23,"column":null}},"11":{"start":{"line":25,"column":6},"end":{"line":30,"column":null}},"12":{"start":{"line":27,"column":22},"end":{"line":27,"column":null}},"13":{"start":{"line":28,"column":8},"end":{"line":28,"column":null}},"14":{"start":{"line":28,"column":37},"end":{"line":28,"column":null}},"15":{"start":{"line":29,"column":8},"end":{"line":29,"column":null}},"16":{"start":{"line":33,"column":4},"end":{"line":33,"column":null}},"17":{"start":{"line":38,"column":18},"end":{"line":41,"column":null}},"18":{"start":{"line":39,"column":18},"end":{"line":39,"column":null}},"19":{"start":{"line":40,"column":2},"end":{"line":40,"column":null}},"20":{"start":{"line":43,"column":28},"end":{"line":105,"column":null}},"21":{"start":{"line":52,"column":21},"end":{"line":52,"column":null}},"22":{"start":{"line":53,"column":4},"end":{"line":53,"column":null}},"23":{"start":{"line":57,"column":21},"end":{"line":57,"column":null}},"24":{"start":{"line":58,"column":4},"end":{"line":58,"column":null}},"25":{"start":{"line":62,"column":21},"end":{"line":62,"column":null}},"26":{"start":{"line":63,"column":4},"end":{"line":63,"column":null}},"27":{"start":{"line":68,"column":21},"end":{"line":68,"column":null}},"28":{"start":{"line":69,"column":4},"end":{"line":69,"column":null}},"29":{"start":{"line":73,"column":21},"end":{"line":73,"column":null}},"30":{"start":{"line":74,"column":4},"end":{"line":74,"column":null}},"31":{"start":{"line":79,"column":21},"end":{"line":79,"column":null}},"32":{"start":{"line":80,"column":4},"end":{"line":80,"column":null}},"33":{"start":{"line":84,"column":21},"end":{"line":84,"column":null}},"34":{"start":{"line":85,"column":4},"end":{"line":85,"column":null}},"35":{"start":{"line":90,"column":21},"end":{"line":90,"column":null}},"36":{"start":{"line":91,"column":4},"end":{"line":91,"column":null}},"37":{"start":{"line":96,"column":21},"end":{"line":96,"column":null}},"38":{"start":{"line":97,"column":4},"end":{"line":97,"column":null}},"39":{"start":{"line":102,"column":21},"end":{"line":102,"column":null}},"40":{"start":{"line":103,"column":4},"end":{"line":103,"column":null}},"41":{"start":{"line":107,"column":15},"end":{"line":107,"column":28}}},"fnMap":{"0":{"name":"(anonymous_4)","decl":{"start":{"line":16,"column":2},"end":{"line":16,"column":3}},"loc":{"start":{"line":16,"column":16},"end":{"line":16,"column":null}}},"1":{"name":"(anonymous_5)","decl":{"start":{"line":17,"column":2},"end":{"line":17,"column":9}},"loc":{"start":{"line":17,"column":9},"end":{"line":34,"column":null}}},"2":{"name":"(anonymous_6)","decl":{"start":{"line":28,"column":26},"end":{"line":28,"column":37}},"loc":{"start":{"line":28,"column":37},"end":{"line":28,"column":null}}},"3":{"name":"(anonymous_7)","decl":{"start":{"line":38,"column":18},"end":{"line":38,"column":19}},"loc":{"start":{"line":38,"column":19},"end":{"line":41,"column":null}}},"4":{"name":"(anonymous_8)","decl":{"start":{"line":45,"column":12},"end":{"line":45,"column":19}},"loc":{"start":{"line":45,"column":19},"end":{"line":54,"column":null}}},"5":{"name":"(anonymous_9)","decl":{"start":{"line":56,"column":11},"end":{"line":56,"column":18}},"loc":{"start":{"line":56,"column":18},"end":{"line":59,"column":null}}},"6":{"name":"(anonymous_10)","decl":{"start":{"line":61,"column":15},"end":{"line":61,"column":22}},"loc":{"start":{"line":61,"column":22},"end":{"line":64,"column":null}}},"7":{"name":"(anonymous_11)","decl":{"start":{"line":67,"column":17},"end":{"line":67,"column":null}},"loc":{"start":{"line":67,"column":17},"end":{"line":70,"column":null}}},"8":{"name":"(anonymous_12)","decl":{"start":{"line":72,"column":15},"end":{"line":72,"column":22}},"loc":{"start":{"line":72,"column":22},"end":{"line":75,"column":null}}},"9":{"name":"(anonymous_13)","decl":{"start":{"line":78,"column":11},"end":{"line":78,"column":null}},"loc":{"start":{"line":78,"column":11},"end":{"line":81,"column":null}}},"10":{"name":"(anonymous_14)","decl":{"start":{"line":83,"column":10},"end":{"line":83,"column":17}},"loc":{"start":{"line":83,"column":17},"end":{"line":86,"column":null}}},"11":{"name":"(anonymous_15)","decl":{"start":{"line":89,"column":12},"end":{"line":89,"column":19}},"loc":{"start":{"line":89,"column":19},"end":{"line":92,"column":null}}},"12":{"name":"(anonymous_16)","decl":{"start":{"line":95,"column":13},"end":{"line":95,"column":20}},"loc":{"start":{"line":95,"column":20},"end":{"line":98,"column":null}}},"13":{"name":"(anonymous_17)","decl":{"start":{"line":101,"column":10},"end":{"line":101,"column":17}},"loc":{"start":{"line":101,"column":17},"end":{"line":104,"column":null}}}},"branchMap":{"0":{"loc":{"start":{"line":4,"column":26},"end":{"line":4,"column":null}},"type":"binary-expr","locations":[{"start":{"line":4,"column":26},"end":{"line":4,"column":67}},{"start":{"line":4,"column":71},"end":{"line":4,"column":null}}]},"1":{"loc":{"start":{"line":21,"column":4},"end":{"line":31,"column":null}},"type":"if","locations":[{"start":{"line":21,"column":4},"end":{"line":31,"column":null}},{"start":{},"end":{}}]},"2":{"loc":{"start":{"line":21,"column":8},"end":{"line":21,"column":77}},"type":"binary-expr","locations":[{"start":{"line":21,"column":8},"end":{"line":21,"column":22}},{"start":{"line":21,"column":27},"end":{"line":21,"column":42}},{"start":{"line":21,"column":46},"end":{"line":21,"column":73}}]},"3":{"loc":{"start":{"line":23,"column":28},"end":{"line":23,"column":55}},"type":"binary-expr","locations":[{"start":{"line":23,"column":28},"end":{"line":23,"column":46}},{"start":{"line":23,"column":50},"end":{"line":23,"column":55}}]},"4":{"loc":{"start":{"line":25,"column":6},"end":{"line":30,"column":null}},"type":"if","locations":[{"start":{"line":25,"column":6},"end":{"line":30,"column":null}},{"start":{},"end":{}}]},"5":{"loc":{"start":{"line":39,"column":18},"end":{"line":39,"column":null}},"type":"binary-expr","locations":[{"start":{"line":39,"column":18},"end":{"line":39,"column":55}},{"start":{"line":39,"column":59},"end":{"line":39,"column":null}}]}},"s":{"0":0,"1":9,"2":1,"3":1,"4":1,"5":1,"6":0,"7":0,"8":0,"9":0,"10":0,"11":0,"12":0,"13":0,"14":0,"15":0,"16":0,"17":1,"18":0,"19":0,"20":1,"21":0,"22":0,"23":0,"24":0,"25":0,"26":0,"27":0,"28":0,"29":0,"30":0,"31":0,"32":0,"33":0,"34":0,"35":0,"36":0,"37":0,"38":0,"39":0,"40":0,"41":1},"f":{"0":0,"1":0,"2":0,"3":0,"4":0,"5":0,"6":0,"7":0,"8":0,"9":0,"10":0,"11":0,"12":0,"13":0},"b":{"0":[1,0],"1":[0,0],"2":[0,0,0],"3":[0,0],"4":[0,0],"5":[0,0]}}
}
