TN:
SF:src/middleware.ts
FN:3,middleware
FN:56,generateNonce
FNF:2
FNH:2
FNDA:22,middleware
FNDA:22,generateNonce
DA:1,1
DA:3,22
DA:4,22
DA:8,22
DA:11,0
DA:14,0
DA:33,0
DA:36,0
DA:37,0
DA:38,0
DA:39,0
DA:40,0
DA:41,0
DA:52,0
DA:57,22
DA:58,22
DA:61,0
DA:62,0
DA:63,0
DA:65,0
DA:68,1
LF:21
LH:7
BRDA:28,0,0,0
BRDA:28,0,1,0
BRF:2
BRH:0
end_of_record
TN:
SF:src/app/layout.tsx
FN:30,RootLayout
FNF:1
FNH:0
FNDA:0,RootLayout
DA:1,0
DA:3,0
DA:4,0
DA:6,0
DA:8,0
DA:30,0
LF:6
LH:0
BRF:0
BRH:0
end_of_record
TN:
SF:src/app/page.tsx
FN:7,createFallbackPost
FN:26,getLatestPosts
FN:40,getCategoryPosts
FN:56,HomePage
FN:83,(anonymous_6)
FN:121,(anonymous_7)
FNF:6
FNH:0
FNDA:0,createFallbackPost
FNDA:0,getLatestPosts
FNDA:0,getCategoryPosts
FNDA:0,HomePage
FNDA:0,(anonymous_6)
FNDA:0,(anonymous_7)
DA:1,0
DA:3,0
DA:4,0
DA:5,0
DA:8,0
DA:27,0
DA:28,0
DA:30,0
DA:32,0
DA:41,0
DA:44,0
DA:46,0
DA:48,0
DA:56,0
DA:57,0
DA:58,0
DA:84,0
DA:122,0
LF:18
LH:0
BRDA:85,0,0,0
BRDA:123,1,0,0
BRF:2
BRH:0
end_of_record
TN:
SF:src/app/api/csp-report/route.ts
FN:3,POST
FNF:1
FNH:0
FNDA:0,POST
DA:1,0
DA:3,0
DA:4,0
DA:5,0
DA:8,0
DA:15,0
DA:20,0
DA:22,0
DA:23,0
LF:9
LH:0
BRDA:15,0,0,0
BRDA:15,0,1,0
BRF:2
BRH:0
end_of_record
TN:
SF:src/app/berita/page.tsx
FN:7,getAllPosts
FN:16,BeritaPage
FN:45,(anonymous_4)
FNF:3
FNH:0
FNDA:0,getAllPosts
FNDA:0,BeritaPage
FNDA:0,(anonymous_4)
DA:1,0
DA:3,0
DA:4,0
DA:5,0
DA:8,0
DA:9,0
DA:11,0
DA:12,0
DA:16,0
DA:17,0
DA:46,0
LF:11
LH:0
BRDA:47,0,0,0
BRF:1
BRH:0
end_of_record
TN:
SF:src/app/berita/[slug]/page.tsx
FN:8,getPost
FN:18,PostPage
FN:79,(anonymous_4)
FN:104,(anonymous_5)
FNF:4
FNH:0
FNDA:0,getPost
FNDA:0,PostPage
FNDA:0,(anonymous_4)
FNDA:0,(anonymous_5)
DA:1,0
DA:3,0
DA:4,0
DA:5,0
DA:6,0
DA:9,0
DA:10,0
DA:11,0
DA:13,0
DA:14,0
DA:18,0
DA:19,0
DA:21,0
DA:22,0
DA:26,0
DA:27,0
DA:28,0
DA:80,0
DA:105,0
LF:19
LH:0
BRDA:11,0,0,0
BRDA:11,0,1,0
BRDA:21,1,0,0
BRDA:21,1,1,0
BRDA:26,2,0,0
BRDA:26,2,1,0
BRDA:26,3,0,0
BRDA:26,3,1,0
BRDA:52,4,0,0
BRDA:77,5,0,0
BRDA:100,6,0,0
BRF:11
BRH:0
end_of_record
TN:
SF:src/components/ClientLayout.tsx
FN:10,ClientLayout
FNF:1
FNH:1
FNDA:8,ClientLayout
DA:3,1
DA:4,1
DA:10,10
LF:3
LH:3
BRF:0
BRH:0
end_of_record
TN:
SF:src/components/ErrorBoundary.tsx
FN:14,(anonymous_2)
FN:19,(anonymous_3)
FN:23,(anonymous_4)
FN:27,(anonymous_5)
FN:43,(anonymous_6)
FNF:5
FNH:4
FNDA:20,(anonymous_2)
FNDA:10,(anonymous_3)
FNDA:5,(anonymous_4)
FNDA:30,(anonymous_5)
FNDA:0,(anonymous_6)
DA:1,2
DA:15,20
DA:16,19
DA:20,10
DA:24,5
DA:28,30
DA:30,11
DA:31,2
DA:43,0
DA:52,19
DA:56,15
LF:11
LH:10
BRDA:28,0,0,11
BRDA:28,0,1,19
BRDA:30,1,0,2
BRDA:30,1,1,9
BRF:4
BRH:4
end_of_record
TN:
SF:src/components/PostLoading.tsx
FN:3,(anonymous_2)
FNF:1
FNH:1
FNDA:10,(anonymous_2)
DA:1,1
DA:3,1
DA:76,10
LF:3
LH:3
BRF:0
BRH:0
end_of_record
TN:
SF:src/lib/csp-utils.ts
FN:8,useCspNonce
FN:25,addNonceToScript
FN:34,addNonceToStyle
FNF:3
FNH:0
FNDA:0,useCspNonce
FNDA:0,addNonceToScript
FNDA:0,addNonceToStyle
DA:8,0
DA:11,0
DA:13,0
DA:14,0
DA:18,0
DA:25,0
DA:26,0
DA:27,0
DA:34,0
DA:35,0
DA:36,0
LF:11
LH:0
BRDA:11,0,0,0
BRDA:11,0,1,0
BRDA:14,1,0,0
BRDA:14,1,1,0
BRDA:26,2,0,0
BRDA:26,2,1,0
BRDA:35,3,0,0
BRDA:35,3,1,0
BRF:8
BRH:0
end_of_record
TN:
SF:src/lib/wordpress.ts
FN:16,(anonymous_4)
FN:17,(anonymous_5)
FN:28,(anonymous_6)
FN:38,(anonymous_7)
FN:45,(anonymous_8)
FN:56,(anonymous_9)
FN:61,(anonymous_10)
FN:67,(anonymous_11)
FN:72,(anonymous_12)
FN:78,(anonymous_13)
FN:83,(anonymous_14)
FN:89,(anonymous_15)
FN:95,(anonymous_16)
FN:101,(anonymous_17)
FNF:14
FNH:0
FNDA:0,(anonymous_4)
FNDA:0,(anonymous_5)
FNDA:0,(anonymous_6)
FNDA:0,(anonymous_7)
FNDA:0,(anonymous_8)
FNDA:0,(anonymous_9)
FNDA:0,(anonymous_10)
FNDA:0,(anonymous_11)
FNDA:0,(anonymous_12)
FNDA:0,(anonymous_13)
FNDA:0,(anonymous_14)
FNDA:0,(anonymous_15)
FNDA:0,(anonymous_16)
FNDA:0,(anonymous_17)
DA:1,1
DA:4,1
DA:6,1
DA:15,1
DA:16,0
DA:18,0
DA:21,0
DA:22,0
DA:23,0
DA:25,0
DA:27,0
DA:28,0
DA:29,0
DA:33,0
DA:38,1
DA:39,0
DA:40,0
DA:43,9
DA:52,0
DA:53,0
DA:57,0
DA:58,0
DA:62,0
DA:63,0
DA:68,0
DA:69,0
DA:73,0
DA:74,0
DA:79,0
DA:80,0
DA:84,0
DA:85,0
DA:90,0
DA:91,0
DA:96,0
DA:97,0
DA:102,0
DA:103,0
DA:107,1
LF:39
LH:7
BRDA:4,0,0,1
BRDA:4,0,1,0
BRDA:21,1,0,0
BRDA:21,1,1,0
BRDA:21,2,0,0
BRDA:21,2,1,0
BRDA:21,2,2,0
BRDA:23,3,0,0
BRDA:23,3,1,0
BRDA:25,4,0,0
BRDA:25,4,1,0
BRDA:39,5,0,0
BRDA:39,5,1,0
BRF:13
BRH:1
end_of_record
